********************************************************************************
DUPLICATOR-LITE PACKAGE-LOG: March 15, 2021 10:34 am
NOTICE: Do NOT post to public sites or forums 
********************************************************************************
VERSION:	1.3.40.1
WORDPRESS:	5.5.3
PHP INFO:	7.4.6 | SAPI: apache2handler
SERVER:		Apache 
PHP TIME LIMIT: [30] not allowed 
PHP MAX MEMORY: 4294967296 (128M default) 
MEMORY STACK: 6.5MB

********************************************************************************
DATABASE:
********************************************************************************
BUILD MODE:   PHP(query limit - 100)
MYSQLTIMEOUT: 5000
MYSQLDUMP:    Not Supported
TABLES: total:44 | filtered:0 | create:44
FILTERED: []
SQL CREATED: 20210127_woocommerce_6fbc7a0b201232b74822_20210315102946_database.sql
SQL FILE SIZE: 674.58KB (690765)
SQL FILE TIME: 2021-03-15 10:34:41
SQL RUNTIME: 0.17 sec.

********************************************************************************
ARCHIVE (ZIP):
********************************************************************************
ARCHIVE DIR:  /storage/ssd5/434/16021434/public_html
ARCHIVE FILE: 20210127_woocommerce_6fbc7a0b201232b74822_20210315102946_archive.zip
FILTERS: *OFF*
DIRS:
	not set
FILES:
	not set
EXTS:  not set
----------------------------------------
COMPRESSING
SIZE:	91.51MB
STATS:	Dirs 910 | Files 5,772
SQL ADDED: 20210127_woocommerce_6fbc7a0b201232b74822_20210315102946_database.sql
ZipArchive Object
(
    [lastId] => 6681
    [status] => 0
    [statusSys] => 0
    [numFiles] => 6682
    [filename] => /storage/ssd5/434/16021434/public_html/wp-content/backups-dup-lite/tmp/20210127_woocommerce_6fbc7a0b201232b74822_20210315102946_archive.zip
    [comment] => 
)

FILE ADDED TO ZIP: 6681
COMPRESSION RESULT: '1'
COMPRESSED SIZE: 33.38MB
ARCHIVE RUNTIME: 10.32 sec.
MEMORY STACK: 8.5MB
building installer
[PHP ERR][WARN] MSG:is_readable(): open_basedir restriction in effect. File(/dev/urandom) is not within the allowed path(s): (/opt/awex-pages:/storage/ssd5/434/16021434) [CODE:2|FILE:/storage/ssd5/434/16021434/public_html/wp-content/plugins/duplicator/classes/class.password.php|LINE:63]
do_action('wp_ajax_duplicator_package_build'), WP_Hook->do_action, WP_Hook->apply_filters, duplicator_package_build, DUP_Package->runZipBuild, DUP_Installer->build, DUP_Installer->create_enhanced_installer_files, DUP_Installer->create_archive_config_file, DUP_PasswordHash->HashPassword, DUP_PasswordHash->get_random_bytes, is_readable, DUP_Handler::error, DUP_Handler::getMessage
add_extra_files1
add_extra_files2
add_extra_files3
add_extra_files4
Doing archive file check
add_extra_files5
add_extra_files6
add_extra_files8
Successfully opened zip /storage/ssd5/434/16021434/public_html/wp-content/backups-dup-lite/tmp/20210127_woocommerce_6fbc7a0b201232b74822_20210315102946_archive.zip
Adding enhanced installer files to archive using ZipArchive
Installer files added to archive
Added to archive
After ziparchive close when adding installer

********************************************************************************
INTEGRITY CHECKS:
********************************************************************************
SQL FILE: 674.58KB
INSTALLER FILE: 61.29KB
ARCHIVE FILE: 34.89MB 
EXPECTED FILE/DIRECTORY COUNT: 6,682
ACTUAL FILE/DIRECTORY COUNT: 6,681
ARCHIVE CONSISTENCY TEST: Pass

********************************************************************************
RECORD ID:[2]
TOTAL PROCESS RUNTIME: 11.05 sec.
PEAK PHP MEMORY USED: 10.5MB
DONE PROCESSING => 20210127_woocommerce March 15, 2021 10:34 am

