********************************************************************************
DUPLICATOR-LITE PACKAGE-LOG: June 5, 2021 5:28 pm
NOTICE: Do NOT post to public sites or forums 
********************************************************************************
VERSION:	1.3.40.1
WORDPRESS:	5.6.4
PHP INFO:	8.0.6 | SAPI: apache2handler
SERVER:		Apache/2.4.47 (Win64) OpenSSL/1.1.1k PHP/8.0.6 
PHP TIME LIMIT: (0) no time limit imposed 
PHP MAX MEMORY: 4294967296 (512M default) 
MEMORY STACK: 6MB

********************************************************************************
DATABASE:
********************************************************************************
BUILD MODE:   MYSQLDUMP
MYSQLTIMEOUT: 5000
MYSQLDUMP:    Is Supported
SQL CREATED: 20210127_woocommerce_8a88cc09cf8474cc6634_20210605172821_database.sql
SQL FILE SIZE: 746.8KB (764725)
SQL FILE TIME: 2021-06-05 17:28:32
SQL RUNTIME: 0.89 sec.

********************************************************************************
ARCHIVE (ZIP):
********************************************************************************
ARCHIVE DIR:  C:/xampp/htdocs/woocommerce
ARCHIVE FILE: 20210127_woocommerce_8a88cc09cf8474cc6634_20210605172821_archive.zip
FILTERS: *OFF*
DIRS:
	not set
FILES:
	not set
EXTS:  not set
----------------------------------------
COMPRESSING
SIZE:	90.44MB
STATS:	Dirs 855 | Files 5,639
SQL ADDED: 20210127_woocommerce_8a88cc09cf8474cc6634_20210605172821_database.sql
ZipArchive Object
(
    [lastId] => 6493
    [status] => 0
    [statusSys] => 0
    [numFiles] => 6494
    [filename] => C:\xampp\htdocs\woocommerce\wp-content\backups-dup-lite\tmp\20210127_woocommerce_8a88cc09cf8474cc6634_20210605172821_archive.zip
    [comment] => 
)

FILE ADDED TO ZIP: 6493
COMPRESSION RESULT: '1'
COMPRESSED SIZE: 33.44MB
ARCHIVE RUNTIME: 29.07 sec.
MEMORY STACK: 8MB
building installer
add_extra_files1
add_extra_files2
add_extra_files3
add_extra_files4
Doing archive file check
add_extra_files5
add_extra_files6
add_extra_files8
Successfully opened zip C:/xampp/htdocs/woocommerce/wp-content/backups-dup-lite/tmp/20210127_woocommerce_8a88cc09cf8474cc6634_20210605172821_archive.zip
Adding enhanced installer files to archive using ZipArchive
Installer files added to archive
Added to archive
After ziparchive close when adding installer

********************************************************************************
INTEGRITY CHECKS:
********************************************************************************
SQL FILE: 746.8KB
INSTALLER FILE: 61.29KB
ARCHIVE FILE: 34.95MB 
EXPECTED FILE/DIRECTORY COUNT: 6,494
ACTUAL FILE/DIRECTORY COUNT: 6,493
ARCHIVE CONSISTENCY TEST: Pass

********************************************************************************
RECORD ID:[3]
TOTAL PROCESS RUNTIME: 31.47 sec.
PEAK PHP MEMORY USED: 10MB
DONE PROCESSING => 20210127_woocommerce June 5, 2021 5:29 pm

